#
# There is insufficient memory for the Java Runtime Environment to continue.
# Native memory allocation (malloc) failed to allocate 675536 bytes. Error detail: Chunk::new
# Possible reasons:
#   The system is out of physical RAM or swap space
#   This process is running with CompressedOops enabled, and the Java Heap may be blocking the growth of the native heap
# Possible solutions:
#   Reduce memory load on the system
#   Increase physical memory or swap space
#   Check if swap backing store is full
#   Decrease Java heap size (-Xmx/-Xms)
#   Decrease number of Java threads
#   Decrease Java thread stack sizes (-Xss)
#   Set larger code cache with -XX:ReservedCodeCacheSize=
#   JVM is running with Zero Based Compressed Oops mode in which the Java heap is
#     placed in the first 32GB address space. The Java Heap base address is the
#     maximum limit for the native heap growth. Please use -XX:HeapBaseMinAddress
#     to set the Java Heap base and to place the Java Heap above 32GB virtual address.
# This output file may be truncated or incomplete.
#
#  Out of Memory Error (arena.cpp:150), pid=10472, tid=18584
#
# JRE version: Java(TM) SE Runtime Environment (22.0.2+9) (build 22.0.2+9-70)
# Java VM: Java HotSpot(TM) 64-Bit Server VM (22.0.2+9-70, mixed mode, sharing, tiered, compressed oops, compressed class ptrs, g1 gc, windows-amd64)
# No core dump will be written. Minidumps are not enabled by default on client versions of Windows
#

---------------  S U M M A R Y ------------

Command Line: --enable-native-access=ALL-UNNAMED -Dclassworlds.conf=C:\Users\kpoor\.m2\wrapper\dists\apache-maven-3.9.14\ed7edd442f634ac1c1ef5ba2b61b6d690b5221091f1a8e1123f5fadcc967520d\bin\m2.conf -Dmaven.home=C:\Users\kpoor\.m2\wrapper\dists\apache-maven-3.9.14\ed7edd442f634ac1c1ef5ba2b61b6d690b5221091f1a8e1123f5fadcc967520d -Dlibrary.jansi.path=C:\Users\kpoor\.m2\wrapper\dists\apache-maven-3.9.14\ed7edd442f634ac1c1ef5ba2b61b6d690b5221091f1a8e1123f5fadcc967520d\lib\jansi-native -Dmaven.multiModuleProjectDirectory=C:\Users\kpoor\Downloads\whatsapp-chatbot\whatsapp-chatbot org.codehaus.plexus.classworlds.launcher.Launcher clean package

Host: 12th Gen Intel(R) Core(TM) i5-1235U, 12 cores, 15G,  Windows 11 , 64 bit Build 28000 (10.0.28000.1863)
Time: Thu Apr 23 21:36:02 2026 India Standard Time elapsed time: 3.465913 seconds (0d 0h 0m 3s)

---------------  T H R E A D  ---------------

Current thread (0x000000fdec77b4d0):  JavaThread "C2 CompilerThread2" daemon [_thread_in_native, id=18584, stack(0x000000fded8d0000,0x000000fded9d0000) (1024K)]


Current CompileTask:
C2:3466 4536       4       org.codehaus.plexus.configuration.DefaultPlexusConfiguration::add (101 bytes)

Stack: [0x000000fded8d0000,0x000000fded9d0000]
Native frames: (J=compiled Java code, j=interpreted, Vv=VM code, C=native code)
V  [jvm.dll+0x6e26e9]  (no source info available)
V  [jvm.dll+0x875753]  (no source info available)
V  [jvm.dll+0x877b7e]  (no source info available)
V  [jvm.dll+0x878253]  (no source info available)
V  [jvm.dll+0x27fc86]  (no source info available)
V  [jvm.dll+0xc3d0f]  (no source info available)
V  [jvm.dll+0xc3f6b]  (no source info available)
V  [jvm.dll+0x3bb442]  (no source info available)
V  [jvm.dll+0x387d4b]  (no source info available)
V  [jvm.dll+0x3871ba]  (no source info available)
V  [jvm.dll+0x2477f8]  (no source info available)
V  [jvm.dll+0x246e9f]  (no source info available)
V  [jvm.dll+0x1c4e80]  (no source info available)
V  [jvm.dll+0x2568f3]  (no source info available)
V  [jvm.dll+0x254baa]  (no source info available)
V  [jvm.dll+0x3f57a6]  (no source info available)
V  [jvm.dll+0x81dc0b]  (no source info available)
V  [jvm.dll+0x6e0d85]  (no source info available)
C  [ucrtbase.dll+0x27930]  (no source info available)
C  [KERNEL32.DLL+0x35c27]  (no source info available)
C  [ntdll.dll+0x86990]  (no source info available)


---------------  P R O C E S S  ---------------

Threads class SMR info:
_java_thread_list=0x000000fded3eefa0, length=14, elements={
0x000000fd8f179060, 0x000000fda5de4f20, 0x000000fda5de7b90, 0x000000fda5dea700,
0x000000fda5deb160, 0x000000fda5debbc0, 0x000000fda5dee630, 0x000000fde77084a0,
0x000000fde7708f50, 0x000000fde78a2aa0, 0x000000fde789fcb0, 0x000000fdec170fc0,
0x000000fdec77b4d0, 0x000000fde78a1060
}

Java Threads: ( => current thread )
  0x000000fd8f179060 JavaThread "main"                              [_thread_in_vm, id=13124, stack(0x000000fd8f5f0000,0x000000fd8f6f0000) (1024K)]
  0x000000fda5de4f20 JavaThread "Reference Handler"          daemon [_thread_blocked, id=21188, stack(0x000000fde7200000,0x000000fde7300000) (1024K)]
  0x000000fda5de7b90 JavaThread "Finalizer"                  daemon [_thread_blocked, id=5668, stack(0x000000fde7300000,0x000000fde7400000) (1024K)]
  0x000000fda5dea700 JavaThread "Signal Dispatcher"          daemon [_thread_blocked, id=20548, stack(0x000000fde7400000,0x000000fde7500000) (1024K)]
  0x000000fda5deb160 JavaThread "Attach Listener"            daemon [_thread_blocked, id=3692, stack(0x000000fde7500000,0x000000fde7600000) (1024K)]
  0x000000fda5debbc0 JavaThread "Service Thread"             daemon [_thread_blocked, id=20104, stack(0x000000fde7600000,0x000000fde7700000) (1024K)]
  0x000000fda5dee630 JavaThread "Monitor Deflation Thread"   daemon [_thread_blocked, id=16140, stack(0x000000fde7b00000,0x000000fde7c00000) (1024K)]
  0x000000fde77084a0 JavaThread "C2 CompilerThread0"         daemon [_thread_in_native, id=14844, stack(0x000000fde7c00000,0x000000fde7d00000) (1024K)]
  0x000000fde7708f50 JavaThread "C1 CompilerThread0"         daemon [_thread_blocked, id=17936, stack(0x000000fde7d00000,0x000000fde7e00000) (1024K)]
  0x000000fde78a2aa0 JavaThread "Notification Thread"        daemon [_thread_blocked, id=18056, stack(0x000000fde7e00000,0x000000fde7f00000) (1024K)]
  0x000000fde789fcb0 JavaThread "Common-Cleaner"             daemon [_thread_blocked, id=16564, stack(0x000000fde7f00000,0x000000fde8000000) (1024K)]
  0x000000fdec170fc0 JavaThread "C2 CompilerThread1"         daemon [_thread_in_native, id=7076, stack(0x000000fdec800000,0x000000fdec900000) (1024K)]
=>0x000000fdec77b4d0 JavaThread "C2 CompilerThread2"         daemon [_thread_in_native, id=18584, stack(0x000000fded8d0000,0x000000fded9d0000) (1024K)]
  0x000000fde78a1060 JavaThread "Thread-1"                   daemon [_thread_blocked, id=9376, stack(0x000000fdef3a0000,0x000000fdef4a0000) (1024K)]
Total: 14

Other Threads:
  0x000000fda5dc6010 VMThread "VM Thread"                           [id=16776, stack(0x000000fde7100000,0x000000fde7200000) (1024K)]
  0x000000fda5db1a80 WatcherThread "VM Periodic Task Thread"        [id=18884, stack(0x000000fde7000000,0x000000fde7100000) (1024K)]
  0x000000fd8f793b30 WorkerThread "GC Thread#0"                     [id=13832, stack(0x000000fda38f0000,0x000000fda39f0000) (1024K)]
  0x000000fdec77bf90 WorkerThread "GC Thread#1"                     [id=20220, stack(0x000000fded9d0000,0x000000fdedad0000) (1024K)]
  0x000000fdec77c340 WorkerThread "GC Thread#2"                     [id=14908, stack(0x000000fdedad0000,0x000000fdedbd0000) (1024K)]
  0x000000fdec77c6f0 WorkerThread "GC Thread#3"                     [id=3272, stack(0x000000fdedbd0000,0x000000fdedcd0000) (1024K)]
  0x000000fdec930b00 WorkerThread "GC Thread#4"                     [id=20812, stack(0x000000fdedcd0000,0x000000fdeddd0000) (1024K)]
  0x000000fdecb85840 WorkerThread "GC Thread#5"                     [id=12524, stack(0x000000fdeddd0000,0x000000fdeded0000) (1024K)]
  0x000000fdec931e90 WorkerThread "GC Thread#6"                     [id=8776, stack(0x000000fdeded0000,0x000000fdedfd0000) (1024K)]
  0x000000fdecdb4430 WorkerThread "GC Thread#7"                     [id=12076, stack(0x000000fdedfd0000,0x000000fdee0d0000) (1024K)]
  0x000000fdecf44350 WorkerThread "GC Thread#8"                     [id=15888, stack(0x000000fdef1a0000,0x000000fdef2a0000) (1024K)]
  0x000000fded1db810 WorkerThread "GC Thread#9"                     [id=360, stack(0x000000fdef2a0000,0x000000fdef3a0000) (1024K)]
  0x000000fd8f7a5640 ConcurrentGCThread "G1 Main Marker"            [id=3224, stack(0x000000fda39f0000,0x000000fda3af0000) (1024K)]
  0x000000fd8f7a6150 WorkerThread "G1 Conc#0"                       [id=12696, stack(0x000000fda3af0000,0x000000fda3bf0000) (1024K)]
  0x000000fd8f7ee920 ConcurrentGCThread "G1 Refine#0"               [id=8300, stack(0x000000fda5df0000,0x000000fda5ef0000) (1024K)]
  0x000000fda5c88490 ConcurrentGCThread "G1 Service"                [id=6672, stack(0x000000fda5ef0000,0x000000fda5ff0000) (1024K)]
Total: 16

Threads with active compile tasks:
C2 CompilerThread0  3512 4540       4       org.codehaus.plexus.configuration.DefaultPlexusConfiguration::getChild (48 bytes)
C2 CompilerThread1  3512 4545       4       java.lang.invoke.MethodType::makeImpl (109 bytes)
C2 CompilerThread2  3512 4536       4       org.codehaus.plexus.configuration.DefaultPlexusConfiguration::add (101 bytes)
Total: 3

VM state: not at safepoint (normal execution)

VM Mutex/Monitor currently owned by a thread:  ([mutex/lock_event])
[0x00007fffcb71ab00] Metaspace_lock - owner thread: 0x000000fd8f179060

Heap address: 0x0000000704e00000, size: 4018 MB, Compressed Oops mode: Zero based, Oop shift amount: 3

CDS archive(s) mapped at: [0x000000fda6000000-0x000000fda6c60000-0x000000fda6c60000), size 12976128, SharedBaseAddress: 0x000000fda6000000, ArchiveRelocationMode: 1.
Compressed class space mapped at: 0x000000fda7000000-0x000000fde7000000, reserved size: 1073741824
Narrow klass base: 0x000000fda6000000, Narrow klass shift: 0, Narrow klass range: 0x41000000

GC Precious Log:
 CardTable entry size: 512
 Card Set container configuration: InlinePtr #cards 4 size 8 Array Of Cards #cards 16 size 48 Howl #buckets 8 coarsen threshold 3686 Howl Bitmap #cards 512 size 80 coarsen threshold 460 Card regions per heap region 1 cards per card region 4096
 CPUs: 12 total, 12 available
 Memory: 16068M
 Large Page Support: Disabled
 NUMA Support: Disabled
 Compressed Oops: Enabled (Zero based)
 Heap Region Size: 2M
 Heap Min Capacity: 8M
 Heap Initial Capacity: 252M
 Heap Max Capacity: 4018M
 Pre-touch: Disabled
 Parallel Workers: 10
 Concurrent Workers: 3
 Concurrent Refinement Workers: 10
 Periodic GC: Disabled

Heap:
 garbage-first heap   total reserved 4114432K, committed 258048K, used 116498K [0x0000000704e00000, 0x0000000800000000)
  region size 2048K, 57 young (116736K), 2 survivors (4096K)
 Metaspace       used 18564K, committed 18880K, reserved 1114112K
  class space    used 2210K, committed 2368K, reserved 1048576K

Heap Regions: E=young(eden), S=young(survivor), O=old, HS=humongous(starts), HC=humongous(continues), CS=collection set, F=free, TAMS=top-at-mark-start, PB=parsable bottom
|   0|0x0000000704e00000, 0x0000000705000000, 0x0000000705000000|100%| O|  |TAMS 0x0000000704e00000| PB 0x0000000704e00000| Untracked |  0
|   1|0x0000000705000000, 0x000000070518e258, 0x0000000705200000| 77%| O|  |TAMS 0x0000000705000000| PB 0x0000000705000000| Untracked |  0
|   2|0x0000000705200000, 0x0000000705200000, 0x0000000705400000|  0%| F|  |TAMS 0x0000000705200000| PB 0x0000000705200000| Untracked |  0
|   3|0x0000000705400000, 0x0000000705400000, 0x0000000705600000|  0%| F|  |TAMS 0x0000000705400000| PB 0x0000000705400000| Untracked |  0
|   4|0x0000000705600000, 0x0000000705600000, 0x0000000705800000|  0%| F|  |TAMS 0x0000000705600000| PB 0x0000000705600000| Untracked |  0
|   5|0x0000000705800000, 0x0000000705800000, 0x0000000705a00000|  0%| F|  |TAMS 0x0000000705800000| PB 0x0000000705800000| Untracked |  0
|   6|0x0000000705a00000, 0x0000000705a00000, 0x0000000705c00000|  0%| F|  |TAMS 0x0000000705a00000| PB 0x0000000705a00000| Untracked |  0
|   7|0x0000000705c00000, 0x0000000705c00000, 0x0000000705e00000|  0%| F|  |TAMS 0x0000000705c00000| PB 0x0000000705c00000| Untracked |  0
|   8|0x0000000705e00000, 0x0000000705e00000, 0x0000000706000000|  0%| F|  |TAMS 0x0000000705e00000| PB 0x0000000705e00000| Untracked |  0
|   9|0x0000000706000000, 0x0000000706000000, 0x0000000706200000|  0%| F|  |TAMS 0x0000000706000000| PB 0x0000000706000000| Untracked |  0
|  10|0x0000000706200000, 0x0000000706200000, 0x0000000706400000|  0%| F|  |TAMS 0x0000000706200000| PB 0x0000000706200000| Untracked |  0
|  11|0x0000000706400000, 0x0000000706400000, 0x0000000706600000|  0%| F|  |TAMS 0x0000000706400000| PB 0x0000000706400000| Untracked |  0
|  12|0x0000000706600000, 0x0000000706600000, 0x0000000706800000|  0%| F|  |TAMS 0x0000000706600000| PB 0x0000000706600000| Untracked |  0
|  13|0x0000000706800000, 0x0000000706800000, 0x0000000706a00000|  0%| F|  |TAMS 0x0000000706800000| PB 0x0000000706800000| Untracked |  0
|  14|0x0000000706a00000, 0x0000000706a00000, 0x0000000706c00000|  0%| F|  |TAMS 0x0000000706a00000| PB 0x0000000706a00000| Untracked |  0
|  15|0x0000000706c00000, 0x0000000706c00000, 0x0000000706e00000|  0%| F|  |TAMS 0x0000000706c00000| PB 0x0000000706c00000| Untracked |  0
|  16|0x0000000706e00000, 0x0000000706e00000, 0x0000000707000000|  0%| F|  |TAMS 0x0000000706e00000| PB 0x0000000706e00000| Untracked |  0
|  17|0x0000000707000000, 0x0000000707000000, 0x0000000707200000|  0%| F|  |TAMS 0x0000000707000000| PB 0x0000000707000000| Untracked |  0
|  18|0x0000000707200000, 0x0000000707200000, 0x0000000707400000|  0%| F|  |TAMS 0x0000000707200000| PB 0x0000000707200000| Untracked |  0
|  19|0x0000000707400000, 0x0000000707400000, 0x0000000707600000|  0%| F|  |TAMS 0x0000000707400000| PB 0x0000000707400000| Untracked |  0
|  20|0x0000000707600000, 0x0000000707600000, 0x0000000707800000|  0%| F|  |TAMS 0x0000000707600000| PB 0x0000000707600000| Untracked |  0
|  21|0x0000000707800000, 0x0000000707800000, 0x0000000707a00000|  0%| F|  |TAMS 0x0000000707800000| PB 0x0000000707800000| Untracked |  0
|  22|0x0000000707a00000, 0x0000000707a00000, 0x0000000707c00000|  0%| F|  |TAMS 0x0000000707a00000| PB 0x0000000707a00000| Untracked |  0
|  23|0x0000000707c00000, 0x0000000707c00000, 0x0000000707e00000|  0%| F|  |TAMS 0x0000000707c00000| PB 0x0000000707c00000| Untracked |  0
|  24|0x0000000707e00000, 0x0000000707e00000, 0x0000000708000000|  0%| F|  |TAMS 0x0000000707e00000| PB 0x0000000707e00000| Untracked |  0
|  25|0x0000000708000000, 0x0000000708000000, 0x0000000708200000|  0%| F|  |TAMS 0x0000000708000000| PB 0x0000000708000000| Untracked |  0
|  26|0x0000000708200000, 0x0000000708200000, 0x0000000708400000|  0%| F|  |TAMS 0x0000000708200000| PB 0x0000000708200000| Untracked |  0
|  27|0x0000000708400000, 0x0000000708400000, 0x0000000708600000|  0%| F|  |TAMS 0x0000000708400000| PB 0x0000000708400000| Untracked |  0
|  28|0x0000000708600000, 0x0000000708600000, 0x0000000708800000|  0%| F|  |TAMS 0x0000000708600000| PB 0x0000000708600000| Untracked |  0
|  29|0x0000000708800000, 0x0000000708800000, 0x0000000708a00000|  0%| F|  |TAMS 0x0000000708800000| PB 0x0000000708800000| Untracked |  0
|  30|0x0000000708a00000, 0x0000000708a00000, 0x0000000708c00000|  0%| F|  |TAMS 0x0000000708a00000| PB 0x0000000708a00000| Untracked |  0
|  31|0x0000000708c00000, 0x0000000708c00000, 0x0000000708e00000|  0%| F|  |TAMS 0x0000000708c00000| PB 0x0000000708c00000| Untracked |  0
|  32|0x0000000708e00000, 0x0000000708e00000, 0x0000000709000000|  0%| F|  |TAMS 0x0000000708e00000| PB 0x0000000708e00000| Untracked |  0
|  33|0x0000000709000000, 0x0000000709000000, 0x0000000709200000|  0%| F|  |TAMS 0x0000000709000000| PB 0x0000000709000000| Untracked |  0
|  34|0x0000000709200000, 0x0000000709200000, 0x0000000709400000|  0%| F|  |TAMS 0x0000000709200000| PB 0x0000000709200000| Untracked |  0
|  35|0x0000000709400000, 0x0000000709400000, 0x0000000709600000|  0%| F|  |TAMS 0x0000000709400000| PB 0x0000000709400000| Untracked |  0
|  36|0x0000000709600000, 0x0000000709600000, 0x0000000709800000|  0%| F|  |TAMS 0x0000000709600000| PB 0x0000000709600000| Untracked |  0
|  37|0x0000000709800000, 0x0000000709800000, 0x0000000709a00000|  0%| F|  |TAMS 0x0000000709800000| PB 0x0000000709800000| Untracked |  0
|  38|0x0000000709a00000, 0x0000000709a00000, 0x0000000709c00000|  0%| F|  |TAMS 0x0000000709a00000| PB 0x0000000709a00000| Untracked |  0
|  39|0x0000000709c00000, 0x0000000709c00000, 0x0000000709e00000|  0%| F|  |TAMS 0x0000000709c00000| PB 0x0000000709c00000| Untracked |  0
|  40|0x0000000709e00000, 0x0000000709e00000, 0x000000070a000000|  0%| F|  |TAMS 0x0000000709e00000| PB 0x0000000709e00000| Untracked |  0
|  41|0x000000070a000000, 0x000000070a000000, 0x000000070a200000|  0%| F|  |TAMS 0x000000070a000000| PB 0x000000070a000000| Untracked |  0
|  42|0x000000070a200000, 0x000000070a200000, 0x000000070a400000|  0%| F|  |TAMS 0x000000070a200000| PB 0x000000070a200000| Untracked |  0
|  43|0x000000070a400000, 0x000000070a400000, 0x000000070a600000|  0%| F|  |TAMS 0x000000070a400000| PB 0x000000070a400000| Untracked |  0
|  44|0x000000070a600000, 0x000000070a600000, 0x000000070a800000|  0%| F|  |TAMS 0x000000070a600000| PB 0x000000070a600000| Untracked |  0
|  45|0x000000070a800000, 0x000000070a800000, 0x000000070aa00000|  0%| F|  |TAMS 0x000000070a800000| PB 0x000000070a800000| Untracked |  0
|  46|0x000000070aa00000, 0x000000070aa00000, 0x000000070ac00000|  0%| F|  |TAMS 0x000000070aa00000| PB 0x000000070aa00000| Untracked |  0
|  47|0x000000070ac00000, 0x000000070ac00000, 0x000000070ae00000|  0%| F|  |TAMS 0x000000070ac00000| PB 0x000000070ac00000| Untracked |  0
|  48|0x000000070ae00000, 0x000000070ae00000, 0x000000070b000000|  0%| F|  |TAMS 0x000000070ae00000| PB 0x000000070ae00000| Untracked |  0
|  49|0x000000070b000000, 0x000000070b000000, 0x000000070b200000|  0%| F|  |TAMS 0x000000070b000000| PB 0x000000070b000000| Untracked |  0
|  50|0x000000070b200000, 0x000000070b200000, 0x000000070b400000|  0%| F|  |TAMS 0x000000070b200000| PB 0x000000070b200000| Untracked |  0
|  51|0x000000070b400000, 0x000000070b400000, 0x000000070b600000|  0%| F|  |TAMS 0x000000070b400000| PB 0x000000070b400000| Untracked |  0
|  52|0x000000070b600000, 0x000000070b600000, 0x000000070b800000|  0%| F|  |TAMS 0x000000070b600000| PB 0x000000070b600000| Untracked |  0
|  53|0x000000070b800000, 0x000000070b800000, 0x000000070ba00000|  0%| F|  |TAMS 0x000000070b800000| PB 0x000000070b800000| Untracked |  0
|  54|0x000000070ba00000, 0x000000070ba00000, 0x000000070bc00000|  0%| F|  |TAMS 0x000000070ba00000| PB 0x000000070ba00000| Untracked |  0
|  55|0x000000070bc00000, 0x000000070bc00000, 0x000000070be00000|  0%| F|  |TAMS 0x000000070bc00000| PB 0x000000070bc00000| Untracked |  0
|  56|0x000000070be00000, 0x000000070be00000, 0x000000070c000000|  0%| F|  |TAMS 0x000000070be00000| PB 0x000000070be00000| Untracked |  0
|  57|0x000000070c000000, 0x000000070c000000, 0x000000070c200000|  0%| F|  |TAMS 0x000000070c000000| PB 0x000000070c000000| Untracked |  0
|  58|0x000000070c200000, 0x000000070c200000, 0x000000070c400000|  0%| F|  |TAMS 0x000000070c200000| PB 0x000000070c200000| Untracked |  0
|  59|0x000000070c400000, 0x000000070c400000, 0x000000070c600000|  0%| F|  |TAMS 0x000000070c400000| PB 0x000000070c400000| Untracked |  0
|  60|0x000000070c600000, 0x000000070c600000, 0x000000070c800000|  0%| F|  |TAMS 0x000000070c600000| PB 0x000000070c600000| Untracked |  0
|  61|0x000000070c800000, 0x000000070c800000, 0x000000070ca00000|  0%| F|  |TAMS 0x000000070c800000| PB 0x000000070c800000| Untracked |  0
|  62|0x000000070ca00000, 0x000000070ca00000, 0x000000070cc00000|  0%| F|  |TAMS 0x000000070ca00000| PB 0x000000070ca00000| Untracked |  0
|  63|0x000000070cc00000, 0x000000070cc00000, 0x000000070ce00000|  0%| F|  |TAMS 0x000000070cc00000| PB 0x000000070cc00000| Untracked |  0
|  64|0x000000070ce00000, 0x000000070ce00000, 0x000000070d000000|  0%| F|  |TAMS 0x000000070ce00000| PB 0x000000070ce00000| Untracked |  0
|  65|0x000000070d000000, 0x000000070d000000, 0x000000070d200000|  0%| F|  |TAMS 0x000000070d000000| PB 0x000000070d000000| Untracked |  0
|  66|0x000000070d200000, 0x000000070d200000, 0x000000070d400000|  0%| F|  |TAMS 0x000000070d200000| PB 0x000000070d200000| Untracked |  0
|  67|0x000000070d400000, 0x000000070d400000, 0x000000070d600000|  0%| F|  |TAMS 0x000000070d400000| PB 0x000000070d400000| Untracked |  0
|  68|0x000000070d600000, 0x000000070d600000, 0x000000070d800000|  0%| F|  |TAMS 0x000000070d600000| PB 0x000000070d600000| Untracked |  0
|  69|0x000000070d800000, 0x000000070d8b0788, 0x000000070da00000| 34%| E|  |TAMS 0x000000070d800000| PB 0x000000070d800000| Complete |  0
|  70|0x000000070da00000, 0x000000070dc00000, 0x000000070dc00000|100%| E|CS|TAMS 0x000000070da00000| PB 0x000000070da00000| Complete |  0
|  71|0x000000070dc00000, 0x000000070de00000, 0x000000070de00000|100%| E|CS|TAMS 0x000000070dc00000| PB 0x000000070dc00000| Complete |  0
|  72|0x000000070de00000, 0x000000070e000000, 0x000000070e000000|100%| E|CS|TAMS 0x000000070de00000| PB 0x000000070de00000| Complete |  0
|  73|0x000000070e000000, 0x000000070e200000, 0x000000070e200000|100%| E|CS|TAMS 0x000000070e000000| PB 0x000000070e000000| Complete |  0
|  74|0x000000070e200000, 0x000000070e400000, 0x000000070e400000|100%| E|CS|TAMS 0x000000070e200000| PB 0x000000070e200000| Complete |  0
|  75|0x000000070e400000, 0x000000070e600000, 0x000000070e600000|100%| E|CS|TAMS 0x000000070e400000| PB 0x000000070e400000| Complete |  0
|  76|0x000000070e600000, 0x000000070e800000, 0x000000070e800000|100%| E|CS|TAMS 0x000000070e600000| PB 0x000000070e600000| Complete |  0
|  77|0x000000070e800000, 0x000000070ea00000, 0x000000070ea00000|100%| E|CS|TAMS 0x000000070e800000| PB 0x000000070e800000| Complete |  0
|  78|0x000000070ea00000, 0x000000070ec00000, 0x000000070ec00000|100%| E|CS|TAMS 0x000000070ea00000| PB 0x000000070ea00000| Complete |  0
|  79|0x000000070ec00000, 0x000000070ee00000, 0x000000070ee00000|100%| E|CS|TAMS 0x000000070ec00000| PB 0x000000070ec00000| Complete |  0
|  80|0x000000070ee00000, 0x000000070f000000, 0x000000070f000000|100%| E|CS|TAMS 0x000000070ee00000| PB 0x000000070ee00000| Complete |  0
|  81|0x000000070f000000, 0x000000070f200000, 0x000000070f200000|100%| E|CS|TAMS 0x000000070f000000| PB 0x000000070f000000| Complete |  0
|  82|0x000000070f200000, 0x000000070f400000, 0x000000070f400000|100%| E|CS|TAMS 0x000000070f200000| PB 0x000000070f200000| Complete |  0
|  83|0x000000070f400000, 0x000000070f600000, 0x000000070f600000|100%| E|CS|TAMS 0x000000070f400000| PB 0x000000070f400000| Complete |  0
|  84|0x000000070f600000, 0x000000070f800000, 0x000000070f800000|100%| E|CS|TAMS 0x000000070f600000| PB 0x000000070f600000| Complete |  0
|  85|0x000000070f800000, 0x000000070fa00000, 0x000000070fa00000|100%| E|CS|TAMS 0x000000070f800000| PB 0x000000070f800000| Complete |  0
|  86|0x000000070fa00000, 0x000000070fc00000, 0x000000070fc00000|100%| E|CS|TAMS 0x000000070fa00000| PB 0x000000070fa00000| Complete |  0
|  87|0x000000070fc00000, 0x000000070fe00000, 0x000000070fe00000|100%| E|CS|TAMS 0x000000070fc00000| PB 0x000000070fc00000| Complete |  0
|  88|0x000000070fe00000, 0x0000000710000000, 0x0000000710000000|100%| E|CS|TAMS 0x000000070fe00000| PB 0x000000070fe00000| Complete |  0
|  89|0x0000000710000000, 0x0000000710200000, 0x0000000710200000|100%| E|CS|TAMS 0x0000000710000000| PB 0x0000000710000000| Complete |  0
|  90|0x0000000710200000, 0x0000000710400000, 0x0000000710400000|100%| E|CS|TAMS 0x0000000710200000| PB 0x0000000710200000| Complete |  0
|  91|0x0000000710400000, 0x0000000710600000, 0x0000000710600000|100%| E|CS|TAMS 0x0000000710400000| PB 0x0000000710400000| Complete |  0
|  92|0x0000000710600000, 0x0000000710800000, 0x0000000710800000|100%| E|CS|TAMS 0x0000000710600000| PB 0x0000000710600000| Complete |  0
|  93|0x0000000710800000, 0x0000000710a00000, 0x0000000710a00000|100%| E|CS|TAMS 0x0000000710800000| PB 0x0000000710800000| Complete |  0
|  94|0x0000000710a00000, 0x0000000710c00000, 0x0000000710c00000|100%| E|CS|TAMS 0x0000000710a00000| PB 0x0000000710a00000| Complete |  0
|  95|0x0000000710c00000, 0x0000000710e00000, 0x0000000710e00000|100%| E|CS|TAMS 0x0000000710c00000| PB 0x0000000710c00000| Complete |  0
|  96|0x0000000710e00000, 0x0000000711000000, 0x0000000711000000|100%| E|CS|TAMS 0x0000000710e00000| PB 0x0000000710e00000| Complete |  0
|  97|0x0000000711000000, 0x0000000711200000, 0x0000000711200000|100%| E|CS|TAMS 0x0000000711000000| PB 0x0000000711000000| Complete |  0
|  98|0x0000000711200000, 0x0000000711400000, 0x0000000711400000|100%| E|CS|TAMS 0x0000000711200000| PB 0x0000000711200000| Complete |  0
|  99|0x0000000711400000, 0x0000000711600000, 0x0000000711600000|100%| E|CS|TAMS 0x0000000711400000| PB 0x0000000711400000| Complete |  0
| 100|0x0000000711600000, 0x0000000711800000, 0x0000000711800000|100%| E|CS|TAMS 0x0000000711600000| PB 0x0000000711600000| Complete |  0
| 101|0x0000000711800000, 0x0000000711a00000, 0x0000000711a00000|100%| E|CS|TAMS 0x0000000711800000| PB 0x0000000711800000| Complete |  0
| 102|0x0000000711a00000, 0x0000000711c00000, 0x0000000711c00000|100%| E|CS|TAMS 0x0000000711a00000| PB 0x0000000711a00000| Complete |  0
| 103|0x0000000711c00000, 0x0000000711e00000, 0x0000000711e00000|100%| E|CS|TAMS 0x0000000711c00000| PB 0x0000000711c00000| Complete |  0
| 104|0x0000000711e00000, 0x0000000711e36700, 0x0000000712000000| 10%| S|CS|TAMS 0x0000000711e00000| PB 0x0000000711e00000| Complete |  0
| 105|0x0000000712000000, 0x0000000712200000, 0x0000000712200000|100%| S|CS|TAMS 0x0000000712000000| PB 0x0000000712000000| Complete |  0
| 106|0x0000000712200000, 0x0000000712400000, 0x0000000712400000|100%| E|CS|TAMS 0x0000000712200000| PB 0x0000000712200000| Complete |  0
| 107|0x0000000712400000, 0x0000000712600000, 0x0000000712600000|100%| E|CS|TAMS 0x0000000712400000| PB 0x0000000712400000| Complete |  0
| 108|0x0000000712600000, 0x0000000712800000, 0x0000000712800000|100%| E|CS|TAMS 0x0000000712600000| PB 0x0000000712600000| Complete |  0
| 109|0x0000000712800000, 0x0000000712a00000, 0x0000000712a00000|100%| E|CS|TAMS 0x0000000712800000| PB 0x0000000712800000| Complete |  0
| 110|0x0000000712a00000, 0x0000000712c00000, 0x0000000712c00000|100%| E|CS|TAMS 0x0000000712a00000| PB 0x0000000712a00000| Complete |  0
| 111|0x0000000712c00000, 0x0000000712e00000, 0x0000000712e00000|100%| E|CS|TAMS 0x0000000712c00000| PB 0x0000000712c00000| Complete |  0
| 112|0x0000000712e00000, 0x0000000713000000, 0x0000000713000000|100%| E|CS|TAMS 0x0000000712e00000| PB 0x0000000712e00000| Complete |  0
| 113|0x0000000713000000, 0x0000000713200000, 0x0000000713200000|100%| E|CS|TAMS 0x0000000713000000| PB 0x0000000713000000| Complete |  0
| 114|0x0000000713200000, 0x0000000713400000, 0x0000000713400000|100%| E|CS|TAMS 0x0000000713200000| PB 0x0000000713200000| Complete |  0
| 115|0x0000000713400000, 0x0000000713600000, 0x0000000713600000|100%| E|CS|TAMS 0x0000000713400000| PB 0x0000000713400000| Complete |  0
| 116|0x0000000713600000, 0x0000000713800000, 0x0000000713800000|100%| E|CS|TAMS 0x0000000713600000| PB 0x0000000713600000| Complete |  0
| 117|0x0000000713800000, 0x0000000713a00000, 0x0000000713a00000|100%| E|CS|TAMS 0x0000000713800000| PB 0x0000000713800000| Complete |  0
| 118|0x0000000713a00000, 0x0000000713c00000, 0x0000000713c00000|100%| E|CS|TAMS 0x0000000713a00000| PB 0x0000000713a00000| Complete |  0
| 119|0x0000000713c00000, 0x0000000713e00000, 0x0000000713e00000|100%| E|CS|TAMS 0x0000000713c00000| PB 0x0000000713c00000| Complete |  0
| 120|0x0000000713e00000, 0x0000000714000000, 0x0000000714000000|100%| E|CS|TAMS 0x0000000713e00000| PB 0x0000000713e00000| Complete |  0
| 121|0x0000000714000000, 0x0000000714200000, 0x0000000714200000|100%| E|CS|TAMS 0x0000000714000000| PB 0x0000000714000000| Complete |  0
| 122|0x0000000714200000, 0x0000000714400000, 0x0000000714400000|100%| E|CS|TAMS 0x0000000714200000| PB 0x0000000714200000| Complete |  0
| 123|0x0000000714400000, 0x0000000714600000, 0x0000000714600000|100%| E|CS|TAMS 0x0000000714400000| PB 0x0000000714400000| Complete |  0
| 124|0x0000000714600000, 0x0000000714800000, 0x0000000714800000|100%| E|CS|TAMS 0x0000000714600000| PB 0x0000000714600000| Complete |  0
| 125|0x0000000714800000, 0x0000000714a00000, 0x0000000714a00000|100%| E|CS|TAMS 0x0000000714800000| PB 0x0000000714800000| Complete |  0

Card table byte_map: [0x000000fd9f1b0000,0x000000fd9f990000] _byte_map_base: 0x000000fd9b989000

Marking Bits: (CMBitMap*) 0x000000fd8f795250
 Bits: [0x000000fd9f990000, 0x000000fda3858000)

Polling page: 0x000000fd8ede0000

Metaspace:

Usage:
  Non-class:     15.97 MB used.
      Class:      2.16 MB used.
       Both:     18.13 MB used.

Virtual space:
  Non-class space:       64.00 MB reserved,      16.12 MB ( 25%) committed,  1 nodes.
      Class space:        1.00 GB reserved,       2.31 MB ( <1%) committed,  1 nodes.
             Both:        1.06 GB reserved,      18.44 MB (  2%) committed. 

Chunk freelists:
   Non-Class:  15.73 MB
       Class:  13.58 MB
        Both:  29.31 MB

MaxMetaspaceSize: unlimited
CompressedClassSpaceSize: 1.00 GB
Initial GC threshold: 21.00 MB
Current GC threshold: 21.00 MB
CDS: on
 - commit_granule_bytes: 65536.
 - commit_granule_words: 8192.
 - virtual_space_node_default_size: 8388608.
 - enlarge_chunks_in_place: 1.
 - use_allocation_guard: 0.


Internal statistics:

num_allocs_failed_limit: 0.
num_arena_births: 174.
num_arena_deaths: 0.
num_vsnodes_births: 2.
num_vsnodes_deaths: 0.
num_space_committed: 295.
num_space_uncommitted: 0.
num_chunks_returned_to_freelist: 0.
num_chunks_taken_from_freelist: 824.
num_chunk_merges: 0.
num_chunk_splits: 580.
num_chunks_enlarged: 466.
num_inconsistent_stats: 0.

CodeHeap 'non-profiled nmethods': size=120000Kb used=2413Kb max_used=2413Kb free=117586Kb
 bounds [0x000000fd972c0000, 0x000000fd97530000, 0x000000fd9e7f0000]
CodeHeap 'profiled nmethods': size=120000Kb used=9261Kb max_used=9261Kb free=110739Kb
 bounds [0x000000fd8f7f0000, 0x000000fd90100000, 0x000000fd96d20000]
CodeHeap 'non-nmethods': size=5760Kb used=1435Kb max_used=1460Kb free=4324Kb
 bounds [0x000000fd96d20000, 0x000000fd96f90000, 0x000000fd972c0000]
 total_blobs=5093 nmethods=4573 adapters=424
 compilation: enabled
              stopped_count=0, restarted_count=0
 full_count=0

Compilation events (20 events):
Event: 3.407 Thread 0x000000fde7708f50 4555       3       java.lang.Module::canRead (86 bytes)
Event: 3.408 Thread 0x000000fde7708f50 nmethod 4555 0x000000fd900ebd90 code [0x000000fd900ec160, 0x000000fd900edba0]
Event: 3.408 Thread 0x000000fde7708f50 4557       3       java.lang.ClassLoader::loadClass (7 bytes)
Event: 3.409 Thread 0x000000fde7708f50 nmethod 4557 0x000000fd900ee290 code [0x000000fd900ee440, 0x000000fd900ee618]
Event: 3.412 Thread 0x000000fde7708f50 4558       3       java.lang.Class::arrayContentsEq (70 bytes)
Event: 3.412 Thread 0x000000fde7708f50 nmethod 4558 0x000000fd900ee690 code [0x000000fd900ee860, 0x000000fd900eec90]
Event: 3.413 Thread 0x000000fde7708f50 4559       3       java.lang.invoke.MethodHandles$Lookup::makeHiddenClassDefiner (20 bytes)
Event: 3.413 Thread 0x000000fde7708f50 nmethod 4559 0x000000fd900eee10 code [0x000000fd900eefe0, 0x000000fd900ef2e8]
Event: 3.413 Thread 0x000000fde7708f50 4560       3       java.lang.invoke.MethodHandles$Lookup::makeHiddenClassDefiner (44 bytes)
Event: 3.414 Thread 0x000000fde7708f50 nmethod 4560 0x000000fd900ef490 code [0x000000fd900ef6a0, 0x000000fd900efd78]
Event: 3.414 Thread 0x000000fde7708f50 4561       3       sun.net.www.ParseUtil::match (50 bytes)
Event: 3.415 Thread 0x000000fde7708f50 nmethod 4561 0x000000fd900f0010 code [0x000000fd900f01c0, 0x000000fd900f0430]
Event: 3.426 Thread 0x000000fde7708f50 4562       3       org.codehaus.plexus.util.SelectorUtils::isDoubleStar (32 bytes)
Event: 3.427 Thread 0x000000fde7708f50 nmethod 4562 0x000000fd900f0510 code [0x000000fd900f06c0, 0x000000fd900f08d8]
Event: 3.427 Thread 0x000000fde7708f50 4563       1       org.apache.maven.artifact.DefaultArtifact::getFile (5 bytes)
Event: 3.428 Thread 0x000000fde7708f50 nmethod 4563 0x000000fd9751a010 code [0x000000fd9751a1a0, 0x000000fd9751a270]
Event: 3.450 Thread 0x000000fde7708f50 4564       3       java.util.StringTokenizer::<init> (8 bytes)
Event: 3.451 Thread 0x000000fde7708f50 nmethod 4564 0x000000fd900f0990 code [0x000000fd900f0b40, 0x000000fd900f0c80]
Event: 3.451 Thread 0x000000fde7708f50 4565       3       java.util.StringTokenizer::<init> (52 bytes)
Event: 3.451 Thread 0x000000fde7708f50 nmethod 4565 0x000000fd900f0d10 code [0x000000fd900f0ee0, 0x000000fd900f1258]

GC Heap History (4 events):
Event: 0.563 GC heap before
{Heap before GC invocations=0 (full 0):
 garbage-first heap   total reserved 4114432K, committed 258048K, used 24576K [0x0000000704e00000, 0x0000000800000000)
  region size 2048K, 12 young (24576K), 0 survivors (0K)
 Metaspace       used 5497K, committed 5760K, reserved 1114112K
  class space    used 658K, committed 768K, reserved 1048576K
}
Event: 0.567 GC heap after
{Heap after GC invocations=1 (full 0):
 garbage-first heap   total reserved 4114432K, committed 258048K, used 3948K [0x0000000704e00000, 0x0000000800000000)
  region size 2048K, 2 young (4096K), 2 survivors (4096K)
 Metaspace       used 5497K, committed 5760K, reserved 1114112K
  class space    used 658K, committed 768K, reserved 1048576K
}
Event: 1.275 GC heap before
{Heap before GC invocations=1 (full 0):
 garbage-first heap   total reserved 4114432K, committed 258048K, used 38764K [0x0000000704e00000, 0x0000000800000000)
  region size 2048K, 20 young (40960K), 2 survivors (4096K)
 Metaspace       used 10418K, committed 10624K, reserved 1114112K
  class space    used 1283K, committed 1408K, reserved 1048576K
}
Event: 1.280 GC heap after
{Heap after GC invocations=2 (full 0):
 garbage-first heap   total reserved 4114432K, committed 258048K, used 5906K [0x0000000704e00000, 0x0000000800000000)
  region size 2048K, 2 young (4096K), 2 survivors (4096K)
 Metaspace       used 10418K, committed 10624K, reserved 1114112K
  class space    used 1283K, committed 1408K, reserved 1048576K
}

Dll operation events (8 events):
Event: 0.013 Loaded shared library C:\Program Files\Java\jdk-22\bin\java.dll
Event: 0.034 Loaded shared library C:\Program Files\Java\jdk-22\bin\jsvml.dll
Event: 0.047 Loaded shared library C:\Program Files\Java\jdk-22\bin\net.dll
Event: 0.048 Loaded shared library C:\Program Files\Java\jdk-22\bin\nio.dll
Event: 0.054 Loaded shared library C:\Program Files\Java\jdk-22\bin\zip.dll
Event: 0.174 Loaded shared library C:\Program Files\Java\jdk-22\bin\jimage.dll
Event: 0.176 Loaded shared library C:\Users\kpoor\.m2\wrapper\dists\apache-maven-3.9.14\ed7edd442f634ac1c1ef5ba2b61b6d690b5221091f1a8e1123f5fadcc967520d\lib\jansi-native\Windows\x86_64\jansi.dll
Event: 0.188 Loaded shared library C:\Program Files\Java\jdk-22\bin\verify.dll

Deoptimization events (20 events):
Event: 3.144 Thread 0x000000fd8f179060 Uncommon trap: trap_request=0xffffff45 fr.pc=0x000000fd973444ac relative=0x000000000000186c
Event: 3.144 Thread 0x000000fd8f179060 Uncommon trap: reason=unstable_if action=reinterpret pc=0x000000fd973444ac method=java.io.Reader.read()I @ 12 c2
Event: 3.144 Thread 0x000000fd8f179060 DEOPT PACKING pc=0x000000fd973444ac sp=0x000000fd8f6ed500
Event: 3.144 Thread 0x000000fd8f179060 DEOPT UNPACKING pc=0x000000fd96d746a2 sp=0x000000fd8f6ed498 mode 2
Event: 3.151 Thread 0x000000fd8f179060 DEOPT PACKING pc=0x000000fd8f899d59 sp=0x000000fd8f6ed020
Event: 3.151 Thread 0x000000fd8f179060 DEOPT UNPACKING pc=0x000000fd96d74e42 sp=0x000000fd8f6ec4e8 mode 0
Event: 3.290 Thread 0x000000fd8f179060 DEOPT PACKING pc=0x000000fd8fa0c79e sp=0x000000fd8f6ecc60
Event: 3.290 Thread 0x000000fd8f179060 DEOPT UNPACKING pc=0x000000fd96d74e42 sp=0x000000fd8f6ec1e0 mode 0
Event: 3.362 Thread 0x000000fd8f179060 Uncommon trap: trap_request=0xffffff45 fr.pc=0x000000fd97351138 relative=0x0000000000000418
Event: 3.362 Thread 0x000000fd8f179060 Uncommon trap: reason=unstable_if action=reinterpret pc=0x000000fd97351138 method=java.io.Reader.read()I @ 12 c2
Event: 3.362 Thread 0x000000fd8f179060 DEOPT PACKING pc=0x000000fd97351138 sp=0x000000fd8f6ed4d0
Event: 3.362 Thread 0x000000fd8f179060 DEOPT UNPACKING pc=0x000000fd96d746a2 sp=0x000000fd8f6ed490 mode 2
Event: 3.379 Thread 0x000000fd8f179060 Uncommon trap: trap_request=0xffffffc6 fr.pc=0x000000fd9732dff8 relative=0x0000000000000398
Event: 3.379 Thread 0x000000fd8f179060 Uncommon trap: reason=bimorphic_or_optimized_type_check action=maybe_recompile pc=0x000000fd9732dff8 method=java.nio.Buffer.<init>(IIIILjava/lang/foreign/MemorySegment;)V @ 39 c2
Event: 3.379 Thread 0x000000fd8f179060 DEOPT PACKING pc=0x000000fd9732dff8 sp=0x000000fd8f6e8a80
Event: 3.379 Thread 0x000000fd8f179060 DEOPT UNPACKING pc=0x000000fd96d746a2 sp=0x000000fd8f6e8a28 mode 2
Event: 3.392 Thread 0x000000fd8f179060 Uncommon trap: trap_request=0xffffff45 fr.pc=0x000000fd974951cc relative=0x000000000000110c
Event: 3.392 Thread 0x000000fd8f179060 Uncommon trap: reason=unstable_if action=reinterpret pc=0x000000fd974951cc method=org.eclipse.sisu.inject.LocatedBeans$Itr.hasNext()Z @ 81 c2
Event: 3.392 Thread 0x000000fd8f179060 DEOPT PACKING pc=0x000000fd974951cc sp=0x000000fd8f6ee470
Event: 3.392 Thread 0x000000fd8f179060 DEOPT UNPACKING pc=0x000000fd96d746a2 sp=0x000000fd8f6ee440 mode 2

Classes loaded (20 events):
Event: 2.965 Loading class jdk/internal/reflect/MethodHandleBooleanFieldAccessorImpl
Event: 2.965 Loading class jdk/internal/reflect/MethodHandleBooleanFieldAccessorImpl done
Event: 3.187 Loading class java/lang/Character$UnicodeBlock
Event: 3.187 Loading class java/lang/Character$Subset
Event: 3.187 Loading class java/lang/Character$Subset done
Event: 3.188 Loading class java/lang/Character$UnicodeBlock done
Event: 3.215 Loading class sun/nio/cs/UTF_8$Encoder
Event: 3.215 Loading class sun/nio/cs/UTF_8$Encoder done
Event: 3.216 Loading class sun/nio/ch/ChannelOutputStream
Event: 3.216 Loading class sun/nio/ch/ChannelOutputStream done
Event: 3.219 Loading class java/io/CharArrayWriter
Event: 3.219 Loading class java/io/CharArrayWriter done
Event: 3.225 Loading class java/nio/file/attribute/PosixFileAttributes
Event: 3.225 Loading class java/nio/file/attribute/PosixFileAttributes done
Event: 3.388 Loading class java/io/FileWriter
Event: 3.388 Loading class java/io/FileWriter done
Event: 3.403 Loading class jdk/internal/reflect/MethodHandleIntegerFieldAccessorImpl
Event: 3.403 Loading class jdk/internal/reflect/MethodHandleIntegerFieldAccessorImpl done
Event: 3.407 Loading class java/util/ServiceConfigurationError
Event: 3.407 Loading class java/util/ServiceConfigurationError done

Classes unloaded (0 events):
No events

Classes redefined (0 events):
No events

Internal exceptions (20 events):
Event: 1.577 Thread 0x000000fd8f179060 Exception <a 'java/lang/NoSuchMethodError'{0x0000000713c1a520}: 'java.lang.Object java.lang.invoke.DirectMethodHandle$Holder.invokeStaticInit(java.lang.Object, int, int, int, int)'> (0x0000000713c1a520) 
thrown [s\open\src\hotspot\share\interpreter\linkResolver.cpp, line 774]
Event: 1.652 Thread 0x000000fd8f179060 Implicit null exception at 0x000000fd972fc2a4 to 0x000000fd972fc918
Event: 1.652 Thread 0x000000fd8f179060 Implicit null exception at 0x000000fd972e89a0 to 0x000000fd972e9000
Event: 1.685 Thread 0x000000fd8f179060 Exception <a 'java/lang/NoSuchMethodError'{0x0000000713913410}: 'void java.lang.invoke.DirectMethodHandle$Holder.invokeSpecial(java.lang.Object, java.lang.Object, java.lang.Object, java.lang.Object, java.lang.Object)'> (0x0000000713913410) 
thrown [s\open\src\hotspot\share\interpreter\linkResolver.cpp, line 774]
Event: 1.687 Thread 0x000000fd8f179060 Exception <a 'java/lang/NoSuchMethodError'{0x000000071392deb8}: 'void java.lang.invoke.DirectMethodHandle$Holder.invokeSpecial(java.lang.Object, java.lang.Object, java.lang.Object, java.lang.Object, java.lang.Object, java.lang.Object)'> (0x000000071392deb8) 
thrown [s\open\src\hotspot\share\interpreter\linkResolver.cpp, line 774]
Event: 1.700 Thread 0x000000fd8f179060 Exception <a 'java/lang/NoSuchMethodError'{0x000000071363ff98}: 'java.lang.Object java.lang.invoke.DirectMethodHandle$Holder.invokeVirtual(java.lang.Object, java.lang.Object, java.lang.Object)'> (0x000000071363ff98) 
thrown [s\open\src\hotspot\share\interpreter\linkResolver.cpp, line 774]
Event: 1.775 Thread 0x000000fd8f179060 Exception <a 'java/lang/NoSuchMethodError'{0x000000071342ac68}: 'void java.lang.invoke.DirectMethodHandle$Holder.invokeVirtual(java.lang.Object, java.lang.Object, int)'> (0x000000071342ac68) 
thrown [s\open\src\hotspot\share\interpreter\linkResolver.cpp, line 774]
Event: 1.776 Thread 0x000000fd8f179060 Exception <a 'java/lang/NoSuchMethodError'{0x000000071342ee80}: 'int java.lang.invoke.DirectMethodHandle$Holder.invokeSpecial(java.lang.Object, java.lang.Object, java.lang.Object, int)'> (0x000000071342ee80) 
thrown [s\open\src\hotspot\share\interpreter\linkResolver.cpp, line 774]
Event: 1.778 Thread 0x000000fd8f179060 Exception <a 'java/lang/NoSuchMethodError'{0x0000000713441888}: 'java.lang.Object java.lang.invoke.DirectMethodHandle$Holder.invokeStatic(java.lang.Object, java.lang.Object, java.lang.Object, java.lang.Object, int)'> (0x0000000713441888) 
thrown [s\open\src\hotspot\share\interpreter\linkResolver.cpp, line 774]
Event: 1.779 Thread 0x000000fd8f179060 Exception <a 'java/lang/NoSuchMethodError'{0x0000000713449838}: 'void java.lang.invoke.DirectMethodHandle$Holder.invokeSpecial(java.lang.Object, java.lang.Object, java.lang.Object, int)'> (0x0000000713449838) 
thrown [s\open\src\hotspot\share\interpreter\linkResolver.cpp, line 774]
Event: 1.779 Thread 0x000000fd8f179060 Exception <a 'java/lang/NoSuchMethodError'{0x000000071344cf08}: 'void java.lang.invoke.DelegatingMethodHandle$Holder.reinvoke_L(java.lang.Object, java.lang.Object, int)'> (0x000000071344cf08) 
thrown [s\open\src\hotspot\share\interpreter\linkResolver.cpp, line 774]
Event: 2.276 Thread 0x000000fd8f179060 Exception <a 'java/lang/NoSuchMethodError'{0x000000071141d840}: 'void java.lang.invoke.DirectMethodHandle$Holder.invokeStatic(java.lang.Object, java.lang.Object, java.lang.Object, java.lang.Object)'> (0x000000071141d840) 
thrown [s\open\src\hotspot\share\interpreter\linkResolver.cpp, line 774]
Event: 2.781 Thread 0x000000fd8f179060 Implicit null exception at 0x000000fd9739a79b to 0x000000fd9739a994
Event: 2.781 Thread 0x000000fd8f179060 Implicit null exception at 0x000000fd974acb19 to 0x000000fd974accf8
Event: 2.782 Thread 0x000000fd8f179060 Implicit null exception at 0x000000fd9735a63d to 0x000000fd9735a6bd
Event: 2.880 Thread 0x000000fd8f179060 Exception <a 'java/lang/NoSuchMethodError'{0x000000070f65cb48}: 'java.lang.Object java.lang.invoke.DirectMethodHandle$Holder.newInvokeSpecial(java.lang.Object, java.lang.Object, java.lang.Object, java.lang.Object, java.lang.Object, java.lang.Object, java.lang.Object)'> (0x000000070f65cb48) 
thrown [s\open\src\hotspot\share\interpreter\linkResolver.cpp, line 774]
Event: 2.936 Thread 0x000000fd8f179060 Exception <a 'java/lang/NoSuchMethodError'{0x000000070f558950}: 'int java.lang.invoke.DirectMethodHandle$Holder.invokeVirtual(java.lang.Object, java.lang.Object)'> (0x000000070f558950) 
thrown [s\open\src\hotspot\share\interpreter\linkResolver.cpp, line 774]
Event: 2.945 Thread 0x000000fd8f179060 Implicit null exception at 0x000000fd9748d169 to 0x000000fd9748d952
Event: 2.967 Thread 0x000000fd8f179060 Exception <a 'java/lang/NoSuchMethodError'{0x000000070f2c9db0}: 'void java.lang.invoke.Invokers$Holder.invokeExact_MT(java.lang.Object, java.lang.Object, int, java.lang.Object)'> (0x000000070f2c9db0) 
thrown [s\open\src\hotspot\share\interpreter\linkResolver.cpp, line 774]
Event: 2.975 Thread 0x000000fd8f179060 Exception <a 'java/lang/NoSuchMethodError'{0x000000070f300100}: 'void java.lang.invoke.DirectMethodHandle$Holder.invokeInterface(java.lang.Object, java.lang.Object, java.lang.Object)'> (0x000000070f300100) 
thrown [s\open\src\hotspot\share\interpreter\linkResolver.cpp, line 774]

ZGC Phase Switch (0 events):
No events

VM Operations (20 events):
Event: 1.590 Executing VM operation: HandshakeAllThreads (Deoptimize)
Event: 1.590 Executing VM operation: HandshakeAllThreads (Deoptimize) done
Event: 1.605 Executing VM operation: HandshakeAllThreads (Deoptimize)
Event: 1.605 Executing VM operation: HandshakeAllThreads (Deoptimize) done
Event: 1.626 Executing VM operation: HandshakeAllThreads (Deoptimize)
Event: 1.626 Executing VM operation: HandshakeAllThreads (Deoptimize) done
Event: 1.627 Executing VM operation: HandshakeAllThreads (Deoptimize)
Event: 1.627 Executing VM operation: HandshakeAllThreads (Deoptimize) done
Event: 1.979 Executing VM operation: ICBufferFull
Event: 1.980 Executing VM operation: ICBufferFull done
Event: 2.322 Executing VM operation: ICBufferFull
Event: 2.323 Executing VM operation: ICBufferFull done
Event: 2.751 Executing VM operation: ICBufferFull
Event: 2.751 Executing VM operation: ICBufferFull done
Event: 2.959 Executing VM operation: ICBufferFull
Event: 2.959 Executing VM operation: ICBufferFull done
Event: 2.965 Executing VM operation: HandshakeAllThreads (Deoptimize)
Event: 2.966 Executing VM operation: HandshakeAllThreads (Deoptimize) done
Event: 3.233 Executing VM operation: ICBufferFull
Event: 3.233 Executing VM operation: ICBufferFull done

Memory protections (0 events):
No events

Nmethod flushes (0 events):
No events

Events (16 events):
Event: 0.025 Thread 0x000000fd8f179060 Thread added: 0x000000fd8f179060
Event: 0.033 Thread 0x000000fd8f179060 Thread added: 0x000000fda5de4f20
Event: 0.033 Thread 0x000000fd8f179060 Thread added: 0x000000fda5de7b90
Event: 0.033 Thread 0x000000fd8f179060 Thread added: 0x000000fda5dea700
Event: 0.033 Thread 0x000000fd8f179060 Thread added: 0x000000fda5deb160
Event: 0.033 Thread 0x000000fd8f179060 Thread added: 0x000000fda5debbc0
Event: 0.033 Thread 0x000000fd8f179060 Thread added: 0x000000fda5dee630
Event: 0.033 Thread 0x000000fd8f179060 Thread added: 0x000000fde77084a0
Event: 0.033 Thread 0x000000fd8f179060 Thread added: 0x000000fde7708f50
Event: 0.043 Thread 0x000000fd8f179060 Thread added: 0x000000fde78a2aa0
Event: 0.045 Thread 0x000000fd8f179060 Thread added: 0x000000fde789fcb0
Event: 0.173 Thread 0x000000fd8f179060 Thread added: 0x000000fde78a1d80
Event: 0.179 Thread 0x000000fde78a1d80 Thread exited: 0x000000fde78a1d80
Event: 0.252 Thread 0x000000fde7708f50 Thread added: 0x000000fdec170fc0
Event: 0.536 Thread 0x000000fde7708f50 Thread added: 0x000000fdec77b4d0
Event: 1.604 Thread 0x000000fd8f179060 Thread added: 0x000000fde78a1060


Dynamic libraries:
0x00007ff754870000 - 0x00007ff754880000 	C:\Program Files\Java\jdk-22\bin\java.exe
0x00007ff88aa80000 - 0x00007ff88ace1000 	C:\WINDOWS\SYSTEM32\ntdll.dll
0x00007ff888f90000 - 0x00007ff88905a000 	C:\WINDOWS\System32\KERNEL32.DLL
0x00007ff887f60000 - 0x00007ff88835f000 	C:\WINDOWS\System32\KERNELBASE.dll
0x00007ff888370000 - 0x00007ff8884bf000 	C:\WINDOWS\System32\ucrtbase.dll
0x00007ff870750000 - 0x00007ff870767000 	C:\Program Files\Java\jdk-22\bin\jli.dll
0x00007ff8705c0000 - 0x00007ff8705db000 	C:\Program Files\Java\jdk-22\bin\VCRUNTIME140.dll
0x00007ff8888f0000 - 0x00007ff888ab8000 	C:\WINDOWS\System32\USER32.dll
0x00007ff888590000 - 0x00007ff8885b7000 	C:\WINDOWS\System32\win32u.dll
0x00007ff868040000 - 0x00007ff8682d7000 	C:\WINDOWS\WinSxS\amd64_microsoft.windows.common-controls_6595b64144ccf1df_6.0.28000.1812_none_cc7eb58423a57e88\COMCTL32.dll
0x00007ff888740000 - 0x00007ff888773000 	C:\WINDOWS\System32\GDI32.dll
0x00007ff888ee0000 - 0x00007ff888f89000 	C:\WINDOWS\System32\msvcrt.dll
0x00007ff887e30000 - 0x00007ff887f57000 	C:\WINDOWS\System32\gdi32full.dll
0x00007ff8871b0000 - 0x00007ff887254000 	C:\WINDOWS\System32\msvcp_win.dll
0x00007ff889930000 - 0x00007ff8899d5000 	C:\WINDOWS\System32\sechost.dll
0x00007ff889e00000 - 0x00007ff889e31000 	C:\WINDOWS\System32\IMM32.DLL
0x00007ff8705b0000 - 0x00007ff8705bc000 	C:\Program Files\Java\jdk-22\bin\vcruntime140_1.dll
0x00007ff839450000 - 0x00007ff8394de000 	C:\Program Files\Java\jdk-22\bin\msvcp140.dll
0x00007fffcaab0000 - 0x00007fffcb7f9000 	C:\Program Files\Java\jdk-22\bin\server\jvm.dll
0x00007ff889e40000 - 0x00007ff889efd000 	C:\WINDOWS\System32\ADVAPI32.dll
0x00007ff888bc0000 - 0x00007ff888cda000 	C:\WINDOWS\System32\RPCRT4.dll
0x00007ff888ce0000 - 0x00007ff888d61000 	C:\WINDOWS\System32\WS2_32.dll
0x00007ff887020000 - 0x00007ff88707f000 	C:\WINDOWS\SYSTEM32\POWRPROF.dll
0x00007ff884310000 - 0x00007ff884346000 	C:\WINDOWS\SYSTEM32\WINMM.dll
0x00007ff870110000 - 0x00007ff87011b000 	C:\WINDOWS\SYSTEM32\VERSION.dll
0x00007ff887000000 - 0x00007ff88701a000 	C:\WINDOWS\SYSTEM32\UMPDC.dll
0x00007ff885fd0000 - 0x00007ff885feb000 	C:\WINDOWS\SYSTEM32\kernel.appcore.dll
0x00007ff84c570000 - 0x00007ff84c57a000 	C:\Program Files\Java\jdk-22\bin\jimage.dll
0x00007ff885020000 - 0x00007ff8852f2000 	C:\WINDOWS\SYSTEM32\DBGHELP.DLL
0x00007ff88a390000 - 0x00007ff88a715000 	C:\WINDOWS\System32\combase.dll
0x00007ff888ae0000 - 0x00007ff888bba000 	C:\WINDOWS\System32\OLEAUT32.dll
0x00007ff8665d0000 - 0x00007ff86661a000 	C:\WINDOWS\SYSTEM32\dbgcore.DLL
0x00007ff887ce0000 - 0x00007ff887d83000 	C:\WINDOWS\System32\bcryptPrimitives.dll
0x00007ff84c550000 - 0x00007ff84c56e000 	C:\Program Files\Java\jdk-22\bin\java.dll
0x00007ff8891b0000 - 0x00007ff889923000 	C:\WINDOWS\System32\SHELL32.dll
0x00007ff8872e0000 - 0x00007ff88744b000 	C:\WINDOWS\System32\wintypes.dll
0x00007ff88a720000 - 0x00007ff88a8b9000 	C:\WINDOWS\System32\ole32.dll
0x00007ff887450000 - 0x00007ff887cdb000 	C:\WINDOWS\System32\windows.storage.dll
0x00007ff888d70000 - 0x00007ff888e70000 	C:\WINDOWS\System32\SHCORE.dll
0x00007ff889ba0000 - 0x00007ff889c07000 	C:\WINDOWS\System32\shlwapi.dll
0x00007ff8870d0000 - 0x00007ff8870f8000 	C:\WINDOWS\SYSTEM32\profapi.dll
0x00007ff82bdf0000 - 0x00007ff82bec7000 	C:\Program Files\Java\jdk-22\bin\jsvml.dll
0x00007ff83cfb0000 - 0x00007ff83cfc0000 	C:\Program Files\Java\jdk-22\bin\net.dll
0x00007ff887d90000 - 0x00007ff887dfd000 	C:\WINDOWS\System32\mswsock.dll
0x00007ff83a060000 - 0x00007ff83a076000 	C:\Program Files\Java\jdk-22\bin\nio.dll
0x00007ff839e10000 - 0x00007ff839e27000 	C:\Program Files\Java\jdk-22\bin\zip.dll
0x00007ff85c900000 - 0x00007ff85c924000 	C:\Users\kpoor\.m2\wrapper\dists\apache-maven-3.9.14\ed7edd442f634ac1c1ef5ba2b61b6d690b5221091f1a8e1123f5fadcc967520d\lib\jansi-native\Windows\x86_64\jansi.dll
0x00007ff8762e0000 - 0x00007ff8762f0000 	C:\Program Files\Java\jdk-22\bin\verify.dll

dbghelp: loaded successfully - version: 4.0.5 - missing functions: none
symbol engine: initialized successfully - sym options: 0x614 - pdb path: .;C:\Program Files\Java\jdk-22\bin;C:\WINDOWS\SYSTEM32;C:\WINDOWS\WinSxS\amd64_microsoft.windows.common-controls_6595b64144ccf1df_6.0.28000.1812_none_cc7eb58423a57e88;C:\Program Files\Java\jdk-22\bin\server;C:\Users\kpoor\.m2\wrapper\dists\apache-maven-3.9.14\ed7edd442f634ac1c1ef5ba2b61b6d690b5221091f1a8e1123f5fadcc967520d\lib\jansi-native\Windows\x86_64

VM Arguments:
jvm_args: --enable-native-access=ALL-UNNAMED -Dclassworlds.conf=C:\Users\kpoor\.m2\wrapper\dists\apache-maven-3.9.14\ed7edd442f634ac1c1ef5ba2b61b6d690b5221091f1a8e1123f5fadcc967520d\bin\m2.conf -Dmaven.home=C:\Users\kpoor\.m2\wrapper\dists\apache-maven-3.9.14\ed7edd442f634ac1c1ef5ba2b61b6d690b5221091f1a8e1123f5fadcc967520d -Dlibrary.jansi.path=C:\Users\kpoor\.m2\wrapper\dists\apache-maven-3.9.14\ed7edd442f634ac1c1ef5ba2b61b6d690b5221091f1a8e1123f5fadcc967520d\lib\jansi-native -Dmaven.multiModuleProjectDirectory=C:\Users\kpoor\Downloads\whatsapp-chatbot\whatsapp-chatbot 
java_command: org.codehaus.plexus.classworlds.launcher.Launcher clean package
java_class_path (initial): C:\Users\kpoor\.m2\wrapper\dists\apache-maven-3.9.14\ed7edd442f634ac1c1ef5ba2b61b6d690b5221091f1a8e1123f5fadcc967520d\boot\plexus-classworlds-2.9.0.jar
Launcher Type: SUN_STANDARD

[Global flags]
     intx CICompilerCount                          = 4                                         {product} {ergonomic}
     uint ConcGCThreads                            = 3                                         {product} {ergonomic}
     uint G1ConcRefinementThreads                  = 10                                        {product} {ergonomic}
   size_t G1HeapRegionSize                         = 2097152                                   {product} {ergonomic}
   size_t InitialHeapSize                          = 264241152                                 {product} {ergonomic}
   size_t MarkStackSize                            = 4194304                                   {product} {ergonomic}
   size_t MaxHeapSize                              = 4213178368                                {product} {ergonomic}
   size_t MaxNewSize                               = 2527068160                                {product} {ergonomic}
   size_t MinHeapDeltaBytes                        = 2097152                                   {product} {ergonomic}
   size_t MinHeapSize                              = 8388608                                   {product} {ergonomic}
    uintx NonNMethodCodeHeapSize                   = 5839372                                {pd product} {ergonomic}
    uintx NonProfiledCodeHeapSize                  = 122909434                              {pd product} {ergonomic}
    uintx ProfiledCodeHeapSize                     = 122909434                              {pd product} {ergonomic}
    uintx ReservedCodeCacheSize                    = 251658240                              {pd product} {ergonomic}
     bool SegmentedCodeCache                       = true                                      {product} {ergonomic}
   size_t SoftMaxHeapSize                          = 4213178368                             {manageable} {ergonomic}
     bool UseCompressedOops                        = true                           {product lp64_product} {ergonomic}
     bool UseG1GC                                  = true                                      {product} {ergonomic}
     bool UseLargePagesIndividualAllocation        = false                                  {pd product} {ergonomic}

Logging:
Log output configuration:
 #0: stdout all=warning uptime,level,tags foldmultilines=false
 #1: stderr all=off uptime,level,tags foldmultilines=false

Environment Variables:
JAVA_HOME=C:\Program Files\Java\jdk-22
PATH=C:\Program Files\Common Files\Oracle\Java\javapath;C:\db_home\bin;C:\WINDOWS\system32;C:\WINDOWS;C:\WINDOWS\System32\Wbem;C:\WINDOWS\System32\WindowsPowerShell\v1.0\;C:\WINDOWS\System32\OpenSSH\;C:\Program Files\dotnet\;C:\Program Files\Java\jdk-22\bin;C:\Program Files\nodejs\;C:\ProgramData\chocolatey\bin;C:\Program Files (x86)\Windows Kits\10\Windows Performance Toolkit\;C:\Users\kpoor\Downloads\apache-maven-3.9.12-bin\apache-maven-3.9.12\bin;C:\Program Files\Git\cmd;C:\Users\kpoor\AppData\Local\Programs\Python\Python313\Scripts;C:\Users\kpoor\AppData\Local\Microsoft\WindowsApps;C:\Users\kpoor\AppData\Local\Programs\Microsoft VS Code\bin;C:\Users\kpoor\AppData\Local\Microsoft\WinGet\Packages\EclipseFoundation.Eclipse.Java_Microsoft.Winget.Source_8wekyb3d8bbwe\eclipse;C:\Program Files\JetBrains\IntelliJ IDEA 2025.3.4\bin
USERNAME=kpoor
OS=Windows_NT
PROCESSOR_IDENTIFIER=Intel64 Family 6 Model 154 Stepping 4, GenuineIntel
TMP=C:\Users\kpoor\AppData\Local\Temp
TEMP=C:\Users\kpoor\AppData\Local\Temp




Periodic native trim disabled

---------------  S Y S T E M  ---------------

OS:
 Windows 11 , 64 bit Build 28000 (10.0.28000.1863)
OS uptime: 0 days 3:35 hours
Hyper-V role detected

CPU: total 12 (initial active 12) (6 cores per cpu, 2 threads per core) family 6 model 154 stepping 4 microcode 0x43b, cx8, cmov, fxsr, ht, mmx, 3dnowpref, sse, sse2, sse3, ssse3, sse4.1, sse4.2, popcnt, lzcnt, tsc, tscinvbit, avx, avx2, aes, erms, clmul, bmi1, bmi2, adx, sha, fma, vzeroupper, clflush, clflushopt, clwb, hv, serialize, rdtscp, rdpid, fsrm, f16c, cet_ibt, cet_ss
Processor Information for all 12 processors :
  Max Mhz: 1300, Current Mhz: 1300, Mhz Limit: 1300

Memory: 4k page, system-wide physical 16068M (3588M free)
TotalPageFile size 18068M (AvailPageFile size 4M)
current process WorkingSet (physical memory assigned to process): 220M, peak: 220M
current process commit charge ("private bytes"): 402M, peak: 402M

vm_info: Java HotSpot(TM) 64-Bit Server VM (22.0.2+9-70) for windows-amd64 JRE (22.0.2+9-70), built on 2024-06-04T16:52:23Z by "mach5one" with MS VC++ 17.6 (VS2022)

END.
