#
# There is insufficient memory for the Java Runtime Environment to continue.
# Native memory allocation (mmap) failed to map 264241152 bytes. Error detail: G1 virtual space
# Possible reasons:
#   The system is out of physical RAM or swap space
#   This process is running with CompressedOops enabled, and the Java Heap may be blocking the growth of the native heap
# Possible solutions:
#   Reduce memory load on the system
#   Increase physical memory or swap space
#   Check if swap backing store is full
#   Decrease Java heap size (-Xmx/-Xms)
#   Decrease number of Java threads
#   Decrease Java thread stack sizes (-Xss)
#   Set larger code cache with -XX:ReservedCodeCacheSize=
#   JVM is running with Zero Based Compressed Oops mode in which the Java heap is
#     placed in the first 32GB address space. The Java Heap base address is the
#     maximum limit for the native heap growth. Please use -XX:HeapBaseMinAddress
#     to set the Java Heap base and to place the Java Heap above 32GB virtual address.
# This output file may be truncated or incomplete.
#
#  Out of Memory Error (os_windows.cpp:3631), pid=17792, tid=11748
#
# JRE version:  (22.0.2+9) (build )
# Java VM: Java HotSpot(TM) 64-Bit Server VM (22.0.2+9-70, mixed mode, sharing, tiered, compressed oops, compressed class ptrs, g1 gc, windows-amd64)
# No core dump will be written. Minidumps are not enabled by default on client versions of Windows
#

---------------  S U M M A R Y ------------

Command Line: C:\Users\kpoor\AppData\Local\Temp\surefire15721541630079803835\surefirebooter-20260423202604026_3.jar C:\Users\kpoor\AppData\Local\Temp\surefire15721541630079803835 2026-04-23T20-26-03_793-jvmRun1 surefire-20260423202604026_1tmp surefire_0-20260423202604026_2tmp

Host: 12th Gen Intel(R) Core(TM) i5-1235U, 12 cores, 15G,  Windows 11 , 64 bit Build 28000 (10.0.28000.1863)
Time: Thu Apr 23 20:26:04 2026 India Standard Time elapsed time: 0.087982 seconds (0d 0h 0m 0s)

---------------  T H R E A D  ---------------

Current thread (0x00000080005867f0):  JavaThread "Unknown thread" [_thread_in_vm, id=11748, stack(0x0000008000850000,0x0000008000950000) (1024K)]

Stack: [0x0000008000850000,0x0000008000950000]
Native frames: (J=compiled Java code, j=interpreted, Vv=VM code, C=native code)
V  [jvm.dll+0x6e26e9]  (no source info available)
V  [jvm.dll+0x875753]  (no source info available)
V  [jvm.dll+0x877b7e]  (no source info available)
V  [jvm.dll+0x878253]  (no source info available)
V  [jvm.dll+0x27fc86]  (no source info available)
V  [jvm.dll+0x6ded85]  (no source info available)
V  [jvm.dll+0x6d388a]  (no source info available)
V  [jvm.dll+0x358b8a]  (no source info available)
V  [jvm.dll+0x3610b6]  (no source info available)
V  [jvm.dll+0x3b419e]  (no source info available)
V  [jvm.dll+0x3b4448]  (no source info available)
V  [jvm.dll+0x32c5ec]  (no source info available)
V  [jvm.dll+0x32d258]  (no source info available)
V  [jvm.dll+0x83d5ac]  (no source info available)
V  [jvm.dll+0x3c10d1]  (no source info available)
V  [jvm.dll+0x8264cc]  (no source info available)
V  [jvm.dll+0x45bd5e]  (no source info available)
V  [jvm.dll+0x45dbe1]  (no source info available)
C  [jli.dll+0x52a3]  (no source info available)
C  [ucrtbase.dll+0x27930]  (no source info available)
C  [KERNEL32.DLL+0x35c27]  (no source info available)
C  [ntdll.dll+0x86990]  (no source info available)


---------------  P R O C E S S  ---------------

Threads class SMR info:
_java_thread_list=0x00007fffcb69c1c8, length=0, elements={
}

Java Threads: ( => current thread )
Total: 0

Other Threads:
  0x0000008000a30ba0 WorkerThread "GC Thread#0"                     [id=5000, stack(0x0000008014b90000,0x0000008014c90000) (1024K)]
  0x0000008000a429c0 ConcurrentGCThread "G1 Main Marker"            [id=20544, stack(0x0000008014c90000,0x0000008014d90000) (1024K)]
  0x0000008000a433e0 WorkerThread "G1 Conc#0"                       [id=4424, stack(0x0000008014d90000,0x0000008014e90000) (1024K)]

[error occurred during error reporting (printing all threads), id 0xc0000005, EXCEPTION_ACCESS_VIOLATION (0xc0000005) at pc=0x00007fffcadef517]
VM state: not at safepoint (not fully initialized)

VM Mutex/Monitor currently owned by a thread:  ([mutex/lock_event])
[0x00007fffcb71cc80] Heap_lock - owner thread: 0x00000080005867f0

Heap address: 0x0000000704e00000, size: 4018 MB, Compressed Oops mode: Zero based, Oop shift amount: 3

CDS archive(s) mapped at: [0x0000000000000000-0x0000000000000000-0x0000000000000000), size 0, SharedBaseAddress: 0x0000000800000000, ArchiveRelocationMode: 1.
Narrow klass base: 0x0000000000000000, Narrow klass shift: 0, Narrow klass range: 0x0

GC Precious Log:
 CardTable entry size: 512
 Card Set container configuration: InlinePtr #cards 4 size 8 Array Of Cards #cards 16 size 48 Howl #buckets 8 coarsen threshold 3686 Howl Bitmap #cards 512 size 80 coarsen threshold 460 Card regions per heap region 1 cards per card region 4096

Heap:
 garbage-first heap   total reserved 4114432K, committed 0K, used 0K [0x0000000704e00000, 0x0000000800000000)
  region size 2048K, 0 young (0K), 0 survivors (0K)

[error occurred during error reporting (printing heap information), id 0xc0000005, EXCEPTION_ACCESS_VIOLATION (0xc0000005) at pc=0x00007fffcb1ee869]
GC Heap History (0 events):
No events

Dll operation events (1 events):
Event: 0.011 Loaded shared library C:\Program Files\Java\jdk-22\bin\java.dll

Deoptimization events (0 events):
No events

Classes loaded (0 events):
No events

Classes unloaded (0 events):
No events

Classes redefined (0 events):
No events

Internal exceptions (0 events):
No events

ZGC Phase Switch (0 events):
No events

VM Operations (0 events):
No events

Memory protections (0 events):
No events

Nmethod flushes (0 events):
No events

Events (0 events):
No events


Dynamic libraries:
0x00007ff754870000 - 0x00007ff754880000 	C:\Program Files\Java\jdk-22\bin\java.exe
0x00007ff88aa80000 - 0x00007ff88ace1000 	C:\WINDOWS\SYSTEM32\ntdll.dll
0x00007ff888f90000 - 0x00007ff88905a000 	C:\WINDOWS\System32\KERNEL32.DLL
0x00007ff887f60000 - 0x00007ff88835f000 	C:\WINDOWS\System32\KERNELBASE.dll
0x00007ff888370000 - 0x00007ff8884bf000 	C:\WINDOWS\System32\ucrtbase.dll
0x00007ff870750000 - 0x00007ff870767000 	C:\Program Files\Java\jdk-22\bin\jli.dll
0x00007ff8705c0000 - 0x00007ff8705db000 	C:\Program Files\Java\jdk-22\bin\VCRUNTIME140.dll
0x00007ff8888f0000 - 0x00007ff888ab8000 	C:\WINDOWS\System32\USER32.dll
0x00007ff888590000 - 0x00007ff8885b7000 	C:\WINDOWS\System32\win32u.dll
0x00007ff868040000 - 0x00007ff8682d7000 	C:\WINDOWS\WinSxS\amd64_microsoft.windows.common-controls_6595b64144ccf1df_6.0.28000.1812_none_cc7eb58423a57e88\COMCTL32.dll
0x00007ff888740000 - 0x00007ff888773000 	C:\WINDOWS\System32\GDI32.dll
0x00007ff888ee0000 - 0x00007ff888f89000 	C:\WINDOWS\System32\msvcrt.dll
0x00007ff887e30000 - 0x00007ff887f57000 	C:\WINDOWS\System32\gdi32full.dll
0x00007ff8871b0000 - 0x00007ff887254000 	C:\WINDOWS\System32\msvcp_win.dll
0x00007ff889930000 - 0x00007ff8899d5000 	C:\WINDOWS\System32\sechost.dll
0x00007ff889e00000 - 0x00007ff889e31000 	C:\WINDOWS\System32\IMM32.DLL
0x00007ff8705b0000 - 0x00007ff8705bc000 	C:\Program Files\Java\jdk-22\bin\vcruntime140_1.dll
0x00007ff839450000 - 0x00007ff8394de000 	C:\Program Files\Java\jdk-22\bin\msvcp140.dll
0x00007fffcaab0000 - 0x00007fffcb7f9000 	C:\Program Files\Java\jdk-22\bin\server\jvm.dll
0x00007ff889e40000 - 0x00007ff889efd000 	C:\WINDOWS\System32\ADVAPI32.dll
0x00007ff888bc0000 - 0x00007ff888cda000 	C:\WINDOWS\System32\RPCRT4.dll
0x00007ff888ce0000 - 0x00007ff888d61000 	C:\WINDOWS\System32\WS2_32.dll
0x00007ff887020000 - 0x00007ff88707f000 	C:\WINDOWS\SYSTEM32\POWRPROF.dll
0x00007ff884310000 - 0x00007ff884346000 	C:\WINDOWS\SYSTEM32\WINMM.dll
0x00007ff870110000 - 0x00007ff87011b000 	C:\WINDOWS\SYSTEM32\VERSION.dll
0x00007ff887000000 - 0x00007ff88701a000 	C:\WINDOWS\SYSTEM32\UMPDC.dll
0x00007ff885fd0000 - 0x00007ff885feb000 	C:\WINDOWS\SYSTEM32\kernel.appcore.dll
0x00007ff84c570000 - 0x00007ff84c57a000 	C:\Program Files\Java\jdk-22\bin\jimage.dll
0x00007ff885020000 - 0x00007ff8852f2000 	C:\WINDOWS\SYSTEM32\DBGHELP.DLL
0x00007ff88a390000 - 0x00007ff88a715000 	C:\WINDOWS\System32\combase.dll
0x00007ff888ae0000 - 0x00007ff888bba000 	C:\WINDOWS\System32\OLEAUT32.dll
0x00007ff8665d0000 - 0x00007ff86661a000 	C:\WINDOWS\SYSTEM32\dbgcore.DLL
0x00007ff887ce0000 - 0x00007ff887d83000 	C:\WINDOWS\System32\bcryptPrimitives.dll
0x00007ff84c550000 - 0x00007ff84c56e000 	C:\Program Files\Java\jdk-22\bin\java.dll
0x00007ff8891b0000 - 0x00007ff889923000 	C:\WINDOWS\System32\SHELL32.dll
0x00007ff8872e0000 - 0x00007ff88744b000 	C:\WINDOWS\System32\wintypes.dll
0x00007ff88a720000 - 0x00007ff88a8b9000 	C:\WINDOWS\System32\ole32.dll

dbghelp: loaded successfully - version: 4.0.5 - missing functions: none
symbol engine: initialized successfully - sym options: 0x614 - pdb path: .;C:\Program Files\Java\jdk-22\bin;C:\WINDOWS\SYSTEM32;C:\WINDOWS\WinSxS\amd64_microsoft.windows.common-controls_6595b64144ccf1df_6.0.28000.1812_none_cc7eb58423a57e88;C:\Program Files\Java\jdk-22\bin\server

VM Arguments:
java_command: C:\Users\kpoor\AppData\Local\Temp\surefire15721541630079803835\surefirebooter-20260423202604026_3.jar C:\Users\kpoor\AppData\Local\Temp\surefire15721541630079803835 2026-04-23T20-26-03_793-jvmRun1 surefire-20260423202604026_1tmp surefire_0-20260423202604026_2tmp
java_class_path (initial): C:\Users\kpoor\AppData\Local\Temp\surefire15721541630079803835\surefirebooter-20260423202604026_3.jar
Launcher Type: SUN_STANDARD

[Global flags]
     intx CICompilerCount                          = 4                                         {product} {ergonomic}
     uint ConcGCThreads                            = 3                                         {product} {ergonomic}
     uint G1ConcRefinementThreads                  = 10                                        {product} {ergonomic}
   size_t G1HeapRegionSize                         = 2097152                                   {product} {ergonomic}
   size_t InitialHeapSize                          = 264241152                                 {product} {ergonomic}
   size_t MarkStackSize                            = 4194304                                   {product} {ergonomic}
   size_t MaxHeapSize                              = 4213178368                                {product} {ergonomic}
   size_t MinHeapDeltaBytes                        = 2097152                                   {product} {ergonomic}
   size_t MinHeapSize                              = 8388608                                   {product} {ergonomic}
    uintx NonNMethodCodeHeapSize                   = 5839372                                {pd product} {ergonomic}
    uintx NonProfiledCodeHeapSize                  = 122909434                              {pd product} {ergonomic}
    uintx ProfiledCodeHeapSize                     = 122909434                              {pd product} {ergonomic}
    uintx ReservedCodeCacheSize                    = 251658240                              {pd product} {ergonomic}
     bool SegmentedCodeCache                       = true                                      {product} {ergonomic}
   size_t SoftMaxHeapSize                          = 4213178368                             {manageable} {ergonomic}
     bool UseCompressedOops                        = true                           {product lp64_product} {ergonomic}
     bool UseG1GC                                  = true                                      {product} {ergonomic}
     bool UseLargePagesIndividualAllocation        = false                                  {pd product} {ergonomic}

Logging:
Log output configuration:
 #0: stdout all=warning uptime,level,tags foldmultilines=false
 #1: stderr all=off uptime,level,tags foldmultilines=false

Environment Variables:
JAVA_HOME=C:\Program Files\Java\jdk-22
PATH=C:\Program Files\Common Files\Oracle\Java\javapath;C:\db_home\bin;C:\WINDOWS\system32;C:\WINDOWS;C:\WINDOWS\System32\Wbem;C:\WINDOWS\System32\WindowsPowerShell\v1.0\;C:\WINDOWS\System32\OpenSSH\;C:\Program Files\dotnet\;C:\Program Files\Java\jdk-22\bin;C:\Program Files\nodejs\;C:\ProgramData\chocolatey\bin;C:\Program Files (x86)\Windows Kits\10\Windows Performance Toolkit\;C:\Users\kpoor\Downloads\apache-maven-3.9.12-bin\apache-maven-3.9.12\bin;C:\Program Files\Git\cmd;C:\Users\kpoor\AppData\Local\Programs\Python\Python313\Scripts;C:\Users\kpoor\AppData\Local\Microsoft\WindowsApps;C:\Users\kpoor\AppData\Local\Programs\Microsoft VS Code\bin;C:\Users\kpoor\AppData\Local\Microsoft\WinGet\Packages\EclipseFoundation.Eclipse.Java_Microsoft.Winget.Source_8wekyb3d8bbwe\eclipse;C:\Program Files\JetBrains\IntelliJ IDEA 2025.3.4\bin
USERNAME=kpoor
OS=Windows_NT
PROCESSOR_IDENTIFIER=Intel64 Family 6 Model 154 Stepping 4, GenuineIntel
TMP=C:\Users\kpoor\AppData\Local\Temp
TEMP=C:\Users\kpoor\AppData\Local\Temp




Periodic native trim disabled

---------------  S Y S T E M  ---------------

OS:
 Windows 11 , 64 bit Build 28000 (10.0.28000.1863)
OS uptime: 0 days 2:25 hours
Hyper-V role detected

CPU: total 12 (initial active 12) (6 cores per cpu, 2 threads per core) family 6 model 154 stepping 4 microcode 0x43b, cx8, cmov, fxsr, ht, mmx, 3dnowpref, sse, sse2, sse3, ssse3, sse4.1, sse4.2, popcnt, lzcnt, tsc, tscinvbit, avx, avx2, aes, erms, clmul, bmi1, bmi2, adx, sha, fma, vzeroupper, clflush, clflushopt, clwb, hv, serialize, rdtscp, rdpid, fsrm, f16c, cet_ibt, cet_ss
Processor Information for all 12 processors :
  Max Mhz: 1300, Current Mhz: 1300, Mhz Limit: 1300

Memory: 4k page, system-wide physical 16068M (3075M free)
TotalPageFile size 18068M (AvailPageFile size 189M)
current process WorkingSet (physical memory assigned to process): 14M, peak: 14M
current process commit charge ("private bytes"): 65M, peak: 317M

vm_info: Java HotSpot(TM) 64-Bit Server VM (22.0.2+9-70) for windows-amd64 JRE (22.0.2+9-70), built on 2024-06-04T16:52:23Z by "mach5one" with MS VC++ 17.6 (VS2022)

END.
